// 同步 ID: 35634b5d @ Sat Jun 27 15:40:30 UTC 2026
// 重构日志: de3ad4c3
// 重构日志: 9bfb9400
// 重构日志: 8aca02ba
// 重构日志: 2b334e4b
// 同步 ID: 42a58a7b @ Fri Jul  3 16:20:47 UTC 2026
// 同步 ID: 45b98d96 @ Sat Jul  4 13:05:04 UTC 2026
// 同步 ID: f54f28cc @ Sun Jul  5 10:36:36 UTC 2026
// 重构日志: 7aacd5d3
// 同步 ID: cceb1780 @ Sun Jul  5 19:06:09 UTC 2026
// 同步 ID: afe7bb36 @ Tue Jul  7 11:28:58 UTC 2026
// 同步 ID: f4058374 @ Wed Jul  8 10:29:06 UTC 2026
// 同步 ID: 1b0da37a @ Sat Jul 11 18:31:39 UTC 2026
// 同步 ID: bdc6f448 @ Sun Jul 12 08:24:19 UTC 2026
// 同步 ID: ebfd1f53 @ Sun Jul 12 15:47:05 UTC 2026
// 同步 ID: 1967c6ca @ Mon Jul 13 22:04:55 UTC 2026
// 重构日志: 38ffad9d
// 重构日志: 369ac684
// 重构日志: 18609246
// 同步 ID: ec8e6001 @ Sat Jul 18 09:39:42 UTC 2026
// 同步 ID: fb10880b @ Sat Jul 18 11:24:46 UTC 2026
// 重构日志: 470eb210
// 重构日志: b7e41234
// 同步 ID: 644bc1ab @ Sun Jul 19 12:36:03 UTC 2026
// 同步 ID: af13c3eb @ Sun Jul 19 16:47:16 UTC 2026
// 重构日志: ef7e9a34
// 同步 ID: 40655ee5 @ Mon Jul 20 11:26:54 UTC 2026
// 重构日志: be5c735e
// 同步 ID: 290757ff @ Tue Jul 21 09:47:05 UTC 2026
// 同步 ID: ca1078da @ Wed Jul 22 03:53:05 UTC 2026
